Array size = 64
Expected result = 2080
Calculated result = 12823
[ 0] :     1, 12823
[ 1] :     2,  1056
[ 2] :     3,  2077
[ 3] :     4,   544
[ 4] :     5,  2070
[ 5] :     6,   272
[ 6] :     7,  1037
[ 7] :     8,   288
[ 8] :     9,  2044
[ 9] :    10,   136
[10] :    11,   584
[11] :    12,   144
[12] :    13,  1030
[13] :    14,   152
[14] :    15,   517
[15] :    16,   160
[16] :    17,  1944
[17] :    18,    68
[18] :    19,   292
[19] :    20,    72
[20] :    21,   648
[21] :    22,    76
[22] :    23,   324
[23] :    24,    80
[24] :    25,  1004
[25] :    26,    84
[26] :    27,   356
[27] :    28,    88
[28] :    29,   510
[29] :    30,    92
[30] :    31,   257
[31] :    32,    96
[32] :    33,  1552
[33] :    34,    34
[34] :    35,   146
[35] :    36,    36
[36] :    37,   324
[37] :    38,    38
[38] :    39,   162
[39] :    40,    40
[40] :    41,   776
[41] :    42,    42
[42] :    43,   178
[43] :    44,    44
[44] :    45,   388
[45] :    46,    46
[46] :    47,   194
[47] :    48,    48
[48] :    49,   904
[49] :    50,    50
[50] :    51,   210
[51] :    52,    52
[52] :    53,   452
[53] :    54,    54
[54] :    55,   226
[55] :    56,    56
[56] :    57,   484
[57] :    58,    58
[58] :    59,   242
[59] :    60,    60
[60] :    61,   250
[61] :    62,    62
[62] :    63,   127
[63] :    64,    64
